2.08852243423
1.6390273571
1.07266509533
1.01933848858
0.991891860962
0.798571825027
0.993640959263
1.02783048153
1.25268542767
0.668760240078
0.796396315098
1.01701939106
0.565523087978
0.785757482052
0.816236436367
0.955670535564
0.401293575764
0.900936067104
0.669463515282
0.546897113323
0.623593091965
0.528719246387
0.848097860813
0.65997081995
0.456069678068
0.793547570705
0.581116616726
0.627948284149
0.835350930691
0.470733374357
0.526881933212
0.37840911746
0.998456954956
0.429507285357
0.568853437901
0.434625059366
0.557324230671
0.339133769274
0.455612361431
0.510881721973
0.378017693758
0.691733419895
0.498809039593
1.11867177486
0.980179548264
0.755547106266
0.5124360919
0.239843785763
0.462719231844
0.658524096012
0.428161174059
0.190586850047
0.507168352604
0.362266987562
0.335548430681
0.254172205925
0.416023939848
0.454312831163
0.5889300704
0.172579631209
0.329009860754
0.303586512804
0.161285966635
0.883680343628
0.262625098228
0.19673332572
0.429460078478
0.559115946293
0.437459647655
0.711651325226
0.447833657265
0.199657917023
0.113785073161
0.435823172331
0.24074088037
0.305969834328
0.27441328764
0.588864386082
0.710471332073
0.244336217642
0.158772751689
0.228898465633
0.223406881094
0.32204797864
0.333816826344
0.264719992876
0.391447156668
0.335599690676
0.266455113888
1.0909974575
0.467122107744
0.152767896652
0.700230777264
0.372205734253
0.495619207621
0.287863045931
0.202128186822
0.376734375954
0.154887959361
0.27222764492
0.320509672165
0.495666235685
0.0650927573442
0.409953296185
0.592714250088
0.0551733002067
0.329981476068
0.337218672037
0.128290474415
0.31296312809
0.165653526783
0.328823685646
0.308286607265
0.69502311945
0.33211299777
0.833832979202
0.236514225602
0.132539078593
0.128213077784
0.29571685195
0.293454200029
0.200701907277
0.242173433304
0.153271436691
0.290265887976
0.354669213295
0.597124099731
0.301393330097
0.577234864235
0.104366257787
0.260747373104
0.319572418928
0.322577267885
0.338460087776
0.724268496037
0.330888390541
0.500946044922
0.147638812661
0.20893882215
0.346260815859
0.279579848051
0.300820022821
0.216593518853
0.391470402479
0.356326699257
0.338292479515
0.218339338899
0.44998395443
0.144673153758
0.300976634026
0.182101204991
0.466056346893
0.399064064026
0.25004735589
0.205048620701
0.816160738468
0.225373521447
0.19729667902
0.164836719632
0.842100083828
0.439604759216
0.348129928112
0.286866515875
0.2535995543
0.404739201069
0.491968899965
0.0887553244829
0.194640785456
0.228260502219
0.193185076118
0.407772243023
0.0935001820326
0.466930091381
0.446802407503
0.226602733135
0.207457453012
0.0958856642246
0.246304839849
0.0657371357083
0.255405634642
0.378375411034
0.491494566202
0.165638789535
0.269772559404
0.332795679569
0.324333816767
0.0579639337957
0.166764065623
0.196965947747
0.490770697594
0.228188037872
0.223419368267
0.196440890431
0.104559637606
0.122907072306
0.054885301739
0.0706291645765
0.449135661125
0.253433644772
0.313109964132
0.287411868572
0.192840188742
0.251569628716
0.101514838636
0.098793938756
0.380769640207
0.445264935493
0.202992811799
0.510232508183
0.0833476707339
0.0623960271478
0.243848070502
0.276371926069
0.19134350121
0.184988215566
0.0692187845707
0.175942674279
0.248639717698
0.192768201232
0.215697586536
0.100593678653
0.0989256128669
0.318258672953
0.493744969368
0.590946137905
0.42578843236
0.145542427897
0.532088041306
0.076029188931
0.253095149994
0.490063309669
0.170471325517
0.124096728861
0.264283627272
0.194846197963
0.460985451937
0.480983227491
0.324951052666
0.200485989451
0.263469398022
0.164797842503
0.108473651111
0.364215165377
0.0983978435397
0.0760305151343
0.198920145631
0.309872120619
0.1480910182
0.464527130127
0.117782503366
0.0635441839695
0.198088258505
0.225908130407
0.24253462255
0.421505242586
0.217166185379
0.346953809261
0.109349183738
0.0943509414792
0.235080227256
0.51691621542
0.111694402993
0.153641417623
0.221039578319
0.260742098093
0.237167984247
0.250625729561
0.47484639287
0.0639832019806
0.313867211342
0.105176068842
0.30535286665
0.155395701528
0.197774067521
1.2730396986
0.366905719042
0.0637766197324
0.200750783086
0.0665495842695
0.201392605901
1.01097285748
0.0849169194698
0.0426179282367
0.154750213027
0.451741099358
0.0677193328738
0.131671473384
0.567621290684
0.157912507653
0.0691101998091
0.281406968832
0.276301264763
0.162043184042
0.171882450581
0.183892011642
0.166070371866
0.25246950984
0.386923134327
0.0683425143361
0.109013922513
0.0623386986554
0.0974093899131
0.799542784691
1.29544723034
0.178389981389
0.416792184114
0.389226436615
0.415143013
0.109707660973
0.176616668701
0.456125766039
0.170205160975
0.46229544282
0.339357972145
0.54696136713
0.0891168564558
0.312075972557
0.30631390214
0.418063849211
0.149753123522
0.170395433903
0.0600582696497
0.0442932508886
0.407923698425
0.375216662884
0.0334796682
0.192094609141
0.86554890871
0.18765412271
0.260607272387
0.267254889011
0.114981412888
0.218976929784
0.294267565012
0.177496492863
0.88767105341
0.197337910533
0.453253954649
0.167407751083
0.156779065728
0.129172816873
0.181658029556
0.160527512431
0.254805088043
0.851161897182
0.310818076134
0.363930702209
0.149706408381
0.192898839712
0.0562386289239
0.0610385388136
0.42918586731
0.19420081377
0.185584485531
0.0831994786859
0.902371227741
0.301122635603
0.503856897354
0.392266958952
0.382954418659
0.0587208494544
0.0655819922686
0.117873646319
0.914498507977
0.224616095424
0.272378712893
0.499858170748
0.292468577623
0.271434664726
0.348368138075
0.112447500229
0.184947431087
0.0749996975064
0.0401927791536
0.0908114686608
0.0856432691216
0.212849035859
0.337553292513
0.120554834604
0.165479838848
0.126553550363
0.290603816509
0.166455045342
0.545355796814
0.224015951157
0.0990456417203
0.0709729641676
0.237964451313
0.156900033355
0.0974124968052
0.38891479373
0.159882202744
0.308810025454
0.30020326376
0.304014027119
0.269009649754
1.15735399723
0.142859607935
0.170236065984
0.17669147253
0.246952340007
0.42086237669
0.0784687101841
0.179769128561
0.106810741127
0.0774368345737
0.12627607584
0.0797323733568
0.157188296318
1.09878718853
0.0754668936133
0.423656344414
0.803435385227
0.0227575525641
0.349339991808
0.146034047008
0.0835464447737
0.0948953405023
0.394479185343
0.149113953114
0.348576903343
0.426777392626
0.175793886185
1.0147613287
0.213246002793
0.598111689091
0.113786786795
0.357837945223
0.236703619361
0.304579615593
0.298878073692
0.132422938943
0.398477911949
0.200343549252
0.0802716314793
0.179370984435
0.0809797570109
0.194982871413
0.290315777063
0.0317910797894
0.240304559469
0.0967172905803
0.29353043437
0.0531662143767
0.113321825862
0.0981363803148
0.218974158168
0.191588744521
0.0521891750395
0.0785137936473
0.0432034395635
0.0499263033271
0.163168147206
0.0910001695156
0.340388268232
0.260226458311
0.169365227222
0.179139181972
0.195502981544
0.0353495627642
0.0694829523563
1.11106193066
0.197836771607
0.138955622911
0.407604038715
0.243926376104
0.521548986435
0.0966955721378
0.210762873292
0.26757350564
1.04125893116
0.488589942455
0.056091286242
0.206192359328
0.65870320797
0.345079541206
0.0990486815572
0.112922497094
0.0569549053907
0.288295328617
0.611757338047
0.118063300848
0.101042144001
0.485406517982
0.0364147759974
0.424338340759
0.0757361724973
0.129918664694
0.121608041227
0.15690921247
0.248557075858
0.172229155898
0.0980072692037
0.798686921597
0.0395464040339
0.58278131485
0.185300648212
0.352903991938
0.210456803441
0.310040861368
0.16165946424
0.0431714691222
0.124922424555
0.291462779045
0.0787475332618
0.123530343175
0.108097203076
0.29121273756
0.161379829049
0.721159994602
0.0410494357347
0.0650015324354
0.212736606598
0.14413434267
0.331660240889
0.217474356294
0.119968891144
0.300979107618
0.351331502199
0.477295577526
1.01259899139
0.107592947781
1.20187401772
0.0668986737728
0.11818959564
0.10885553062
0.0994260981679
0.444833487272
0.26905465126
0.199249982834
0.0370310880244
0.424941241741
0.951897382736
0.161781728268
0.369923233986
0.0640525370836
0.116875059903
0.0944808796048
0.248067319393
0.542254388332
0.233835741878
0.0649074390531
0.0713325217366
0.0895517542958
0.306126892567
0.190310657024
0.437549978495
0.0540099143982
0.0911413952708
0.341513872147
0.167687997222
0.0690848380327
0.0957291349769
0.103538841009
0.180039405823
0.232981100678
0.0509523041546
0.0856223106384
0.323980718851
0.0408288575709
0.132385924459
0.127992108464
0.0466723442078
0.160315126181
0.182806164026
0.0460331663489
0.178626433015
0.051199413836
0.0899722799659
0.170688286424
0.207677587867
0.27091088891
0.362208098173
0.560875415802
0.0725322216749
0.636447012424
0.425925761461
0.126344248652
0.264711081982
0.07529053092
0.1097105667
0.121932722628
0.0585757158697
0.167289212346
1.04230678082
0.264227122068
0.248476445675
0.299136787653
0.187124475837
0.144675076008
0.0479836240411
0.325085133314
0.190806284547
0.462221354246
0.137474119663
0.274162262678
0.139566838741
0.0927930772305
0.119813896716
0.371503174305
