0.272727272727
0.727272727273
0.5
0.727272727273
0.636363636364
0.818181818182
0.772727272727
0.863636363636
0.818181818182
0.818181818182
0.727272727273
0.909090909091
0.863636363636
0.681818181818
0.681818181818
0.681818181818
0.590909090909
0.681818181818
0.818181818182
0.818181818182
0.863636363636
0.863636363636
0.636363636364
0.818181818182
0.818181818182
0.772727272727
0.909090909091
1.0
0.818181818182
0.727272727273
0.909090909091
0.818181818182
0.818181818182
0.818181818182
0.818181818182
0.818181818182
0.818181818182
0.727272727273
0.818181818182
0.863636363636
0.863636363636
0.954545454545
0.818181818182
0.772727272727
0.863636363636
0.909090909091
0.863636363636
0.818181818182
0.909090909091
0.909090909091
0.909090909091
0.863636363636
0.954545454545
0.818181818182
0.772727272727
0.818181818182
0.909090909091
0.954545454545
0.909090909091
0.909090909091
0.863636363636
0.818181818182
0.909090909091
0.863636363636
0.863636363636
0.954545454545
0.909090909091
0.863636363636
0.681818181818
0.863636363636
0.727272727273
0.863636363636
0.954545454545
0.727272727273
0.954545454545
0.909090909091
0.954545454545
0.863636363636
0.863636363636
0.909090909091
0.954545454545
0.863636363636
0.818181818182
0.818181818182
0.863636363636
0.636363636364
0.909090909091
0.636363636364
0.909090909091
0.954545454545
1.0
0.5
0.954545454545
0.772727272727
0.863636363636
0.909090909091
0.863636363636
0.818181818182
0.863636363636
0.772727272727
0.954545454545
0.909090909091
0.954545454545
0.863636363636
0.863636363636
0.818181818182
0.772727272727
0.954545454545
0.818181818182
0.954545454545
0.909090909091
0.863636363636
1.0
0.954545454545
0.772727272727
0.863636363636
1.0
0.954545454545
0.863636363636
0.863636363636
0.772727272727
0.954545454545
0.863636363636
0.954545454545
0.909090909091
0.863636363636
0.772727272727
0.818181818182
0.818181818182
0.863636363636
0.954545454545
0.954545454545
0.909090909091
0.954545454545
0.954545454545
0.909090909091
0.909090909091
0.909090909091
0.818181818182
1.0
0.954545454545
0.909090909091
0.954545454545
0.863636363636
0.863636363636
0.954545454545
0.909090909091
0.909090909091
0.954545454545
1.0
0.954545454545
0.909090909091
0.772727272727
0.772727272727
0.772727272727
0.863636363636
0.863636363636
1.0
0.909090909091
1.0
0.818181818182
0.954545454545
0.954545454545
0.954545454545
0.954545454545
1.0
0.772727272727
1.0
0.954545454545
0.727272727273
0.954545454545
0.954545454545
1.0
1.0
1.0
0.909090909091
0.863636363636
0.909090909091
0.954545454545
0.954545454545
1.0
0.954545454545
1.0
0.636363636364
1.0
0.772727272727
1.0
0.954545454545
0.954545454545
0.909090909091
0.954545454545
0.818181818182
0.863636363636
1.0
0.954545454545
0.954545454545
1.0
0.727272727273
1.0
0.863636363636
0.909090909091
0.954545454545
1.0
0.909090909091
0.954545454545
0.863636363636
0.863636363636
1.0
0.909090909091
0.863636363636
1.0
0.863636363636
0.772727272727
0.909090909091
0.863636363636
1.0
1.0
0.909090909091
0.863636363636
0.727272727273
0.772727272727
0.681818181818
0.909090909091
0.909090909091
0.909090909091
1.0
0.818181818182
0.681818181818
0.909090909091
1.0
0.863636363636
0.954545454545
1.0
1.0
0.909090909091
0.954545454545
0.909090909091
0.954545454545
0.909090909091
1.0
1.0
0.954545454545
0.863636363636
0.863636363636
1.0
0.909090909091
0.954545454545
1.0
0.863636363636
1.0
1.0
0.863636363636
0.954545454545
0.909090909091
0.909090909091
0.909090909091
0.863636363636
0.590909090909
1.0
0.863636363636
0.909090909091
0.863636363636
0.909090909091
1.0
1.0
0.818181818182
0.818181818182
0.954545454545
0.909090909091
0.954545454545
1.0
0.954545454545
0.909090909091
0.863636363636
1.0
0.818181818182
0.954545454545
0.863636363636
0.954545454545
0.818181818182
1.0
0.909090909091
0.909090909091
0.818181818182
1.0
1.0
0.863636363636
1.0
0.909090909091
0.727272727273
0.909090909091
1.0
0.909090909091
0.954545454545
0.863636363636
0.863636363636
0.954545454545
0.954545454545
0.954545454545
0.772727272727
0.954545454545
0.909090909091
0.909090909091
1.0
1.0
0.590909090909
0.954545454545
0.727272727273
0.909090909091
0.954545454545
0.909090909091
0.909090909091
1.0
0.909090909091
0.727272727273
0.954545454545
1.0
0.909090909091
0.909090909091
0.954545454545
0.954545454545
0.909090909091
1.0
0.954545454545
0.818181818182
0.954545454545
1.0
0.909090909091
1.0
0.863636363636
1.0
0.909090909091
0.909090909091
1.0
0.909090909091
0.909090909091
0.863636363636
0.954545454545
1.0
0.909090909091
1.0
0.954545454545
1.0
1.0
1.0
0.909090909091
0.954545454545
0.954545454545
0.909090909091
0.909090909091
0.954545454545
1.0
0.954545454545
0.954545454545
0.909090909091
0.863636363636
0.909090909091
0.954545454545
1.0
0.818181818182
1.0
0.954545454545
0.954545454545
0.954545454545
0.727272727273
0.909090909091
1.0
1.0
0.954545454545
0.909090909091
0.954545454545
1.0
1.0
0.954545454545
0.863636363636
1.0
0.909090909091
0.954545454545
1.0
1.0
0.909090909091
1.0
1.0
0.909090909091
1.0
0.909090909091
1.0
1.0
1.0
0.954545454545
0.954545454545
0.909090909091
0.954545454545
0.863636363636
1.0
0.954545454545
0.909090909091
1.0
0.818181818182
0.954545454545
0.909090909091
1.0
0.909090909091
0.954545454545
0.954545454545
0.909090909091
0.909090909091
0.409090909091
0.954545454545
1.0
0.909090909091
1.0
0.863636363636
0.590909090909
0.909090909091
1.0
0.863636363636
0.909090909091
1.0
1.0
0.954545454545
1.0
0.954545454545
0.818181818182
0.954545454545
0.909090909091
0.954545454545
0.954545454545
1.0
0.863636363636
1.0
0.954545454545
1.0
0.954545454545
0.818181818182
0.954545454545
0.909090909091
1.0
0.863636363636
0.909090909091
1.0
1.0
1.0
0.954545454545
0.863636363636
0.954545454545
0.954545454545
1.0
0.727272727273
1.0
1.0
0.954545454545
0.863636363636
1.0
1.0
1.0
0.954545454545
1.0
1.0
0.863636363636
1.0
1.0
1.0
0.954545454545
1.0
0.954545454545
0.954545454545
1.0
0.863636363636
1.0
0.863636363636
0.772727272727
1.0
0.909090909091
1.0
0.954545454545
1.0
0.954545454545
0.954545454545
0.954545454545
1.0
0.909090909091
0.909090909091
1.0
0.954545454545
0.772727272727
1.0
1.0
1.0
0.954545454545
1.0
1.0
0.954545454545
0.909090909091
0.863636363636
0.954545454545
0.909090909091
1.0
1.0
1.0
0.863636363636
0.909090909091
0.954545454545
0.954545454545
1.0
1.0
1.0
1.0
1.0
0.863636363636
1.0
1.0
1.0
0.954545454545
0.863636363636
0.954545454545
0.909090909091
0.954545454545
1.0
0.954545454545
0.954545454545
0.954545454545
1.0
0.954545454545
1.0
1.0
0.954545454545
1.0
1.0
0.954545454545
1.0
1.0
1.0
0.909090909091
0.954545454545
1.0
0.954545454545
0.954545454545
1.0
0.863636363636
0.954545454545
0.954545454545
0.954545454545
0.954545454545
1.0
1.0
1.0
0.954545454545
1.0
1.0
1.0
1.0
1.0
0.954545454545
0.818181818182
1.0
1.0
0.954545454545
1.0
0.909090909091
0.954545454545
1.0
1.0
1.0
1.0
1.0
0.909090909091
1.0
1.0
0.954545454545
0.909090909091
0.954545454545
1.0
1.0
1.0
1.0
0.909090909091
0.863636363636
0.909090909091
0.954545454545
1.0
1.0
0.954545454545
1.0
0.954545454545
0.909090909091
0.954545454545
0.863636363636
0.909090909091
0.954545454545
1.0
0.954545454545
0.863636363636
0.954545454545
1.0
1.0
0.909090909091
0.863636363636
0.909090909091
0.863636363636
