1.98801124096
1.24258184433
1.68640851974
0.885216772556
1.24386942387
0.862746596336
0.673229694366
0.519431769848
0.613724112511
0.570273339748
0.837160468102
0.439949899912
0.5254342556
0.799284934998
0.63668179512
0.643991947174
0.727579474449
0.707422971725
0.576517343521
0.516979217529
0.231413826346
0.539507687092
0.76911598444
0.904339075089
0.76201415062
0.989978969097
0.525410830975
0.13556791842
0.60265403986
0.665264487267
0.267805367708
0.699063539505
0.603776872158
0.400169849396
0.866164207458
0.377032756805
0.69464880228
0.632528245449
0.428006350994
0.347485870123
0.372834384441
0.112043745816
0.42318919301
0.674853682518
0.212606653571
0.17763698101
0.385679066181
1.11221849918
0.203701972961
0.251714527607
0.334241718054
0.242584213614
0.243492498994
0.451620191336
0.643017411232
0.502603709698
0.34718516469
0.190888747573
0.294702321291
0.226951703429
0.393541067839
0.433401554823
0.203792661428
0.761397302151
0.342760115862
0.28496581316
0.643351018429
0.277304679155
0.640851080418
0.413522064686
0.730879604816
0.265999883413
0.120926812291
0.766598463058
0.157839477062
0.262949764729
0.141543164849
0.332513660192
0.400947123766
0.223648115993
0.232455924153
0.269318073988
0.436167061329
0.323492079973
0.319688588381
0.980608522892
0.346532732248
0.885025978088
0.173202455044
0.179959461093
0.0783446729183
1.64298939705
0.779685080051
0.485482037067
0.263734668493
0.186094298959
0.331309854984
0.436134845018
0.329985380173
1.17630028725
0.0868006423116
0.212242841721
0.249168589711
0.297004908323
0.506651103497
0.476360410452
0.48803243041
0.289739727974
0.537198007107
0.153960749507
0.209772244096
0.323183625937
0.124534778297
0.201941743493
0.661931037903
0.361554026604
0.0728925392032
0.214093223214
0.495423197746
0.353190779686
0.470611363649
0.096933580935
0.322155267
0.153968557715
0.254288822412
0.718489289284
0.634818136692
0.319496273994
0.783901035786
0.226033210754
0.113471463323
0.191391184926
0.216951325536
0.145604193211
0.18126295507
0.403100878
0.425897717476
0.351803332567
0.435480326414
0.080553419888
0.146536782384
0.168939262629
0.129969060421
0.422501653433
0.376787751913
0.167813509703
0.233427271247
0.285353958607
0.0940588787198
0.0275630522519
0.0951151847839
0.196597859263
0.409789949656
0.744084537029
0.549382686615
0.354125022888
0.438357323408
0.0699810087681
0.164620101452
0.08072989434
0.506303846836
0.137849584222
0.292582601309
0.131606578827
0.0957682132721
0.0714508220553
0.471024900675
0.0225614849478
0.122371695936
0.624788284302
0.115090020001
0.447511970997
0.0737055465579
0.0502076596022
0.0300572998822
0.377824217081
0.451309770346
0.277514129877
0.0858640447259
0.699608802795
0.0536455251276
0.146235570312
0.0651054158807
0.717066168785
0.0406372770667
0.409153074026
0.120072051883
0.304942160845
0.11549756676
0.318243443966
0.249425634742
0.527424275875
0.247417971492
0.0688520595431
0.180486902595
0.147361263633
0.0453178659081
0.768372356892
0.0983135253191
0.347985774279
0.181167662144
0.103624865413
0.110685393214
0.324038773775
0.221172332764
0.256535172462
0.364317446947
0.0668330416083
0.131980568171
1.0744959116
0.0502576828003
1.26162457466
1.08126437664
0.160349994898
0.205236777663
0.0329797267914
0.0864599868655
0.24119143188
0.288388043642
0.72756177187
0.67282897234
0.894994020462
0.123373381793
0.239463850856
0.175744354725
0.135680109262
0.423954516649
0.789561331272
0.161145269871
0.0470207370818
0.483810722828
0.13151293993
0.0835797786713
0.0731760561466
0.411291003227
0.207637354732
0.198150739074
0.150501683354
0.255278080702
0.0215981006622
0.0242624711245
0.079053811729
0.903256833553
0.478665083647
0.00760808866471
0.259368956089
0.108529761434
0.0271753836423
0.319214463234
0.0259553510696
0.0267973169684
0.351478040218
0.111906982958
0.200996920466
0.223999753594
0.509326934814
0.340906560421
2.07582330704
0.0385985597968
0.218182310462
0.207772955298
0.2484010607
0.177664384246
0.0316991582513
0.0230690352619
1.00689613819
0.421857357025
0.0993175953627
0.117703482509
0.115298122168
0.0456409677863
0.107225656509
0.285943716764
0.34183973074
0.0588464289904
0.474224686623
0.0814605429769
1.09961402416
0.207586959004
0.458372712135
0.0268591754138
0.210390999913
0.115003757179
0.684101045132
0.0283397976309
0.0117457993329
0.647571325302
0.0350785031915
0.203725397587
0.62633818388
0.205033019185
0.0170644838363
0.282238721848
0.109494663775
0.316901177168
0.317861914635
0.296203494072
0.0925343036652
0.105478309095
0.380588531494
0.0933801904321
0.218313589692
0.308089286089
0.0217579491436
0.0568500421941
1.16275835037
0.0579928047955
0.621109545231
0.267715483904
0.134092003107
0.252957850695
0.167813777924
0.036439679563
0.12778146565
0.969645500183
0.142122507095
0.0459215007722
0.234264358878
0.303085714579
0.0849904790521
0.175072714686
0.192931130528
0.0212107785046
0.0774022266269
0.540693283081
0.083838917315
0.0379512943327
0.313913524151
0.0232552178204
0.179497495294
0.0182564686984
0.33538633585
0.145255625248
0.0269105862826
0.247349411249
0.123387984931
0.157011926174
0.098857909441
0.0765261873603
0.184610664845
0.00747271021828
0.14380979538
0.103616602719
0.0272651594132
0.0502930134535
0.230179294944
0.0802660435438
0.0614704452455
0.231525942683
0.414926975965
0.0813337042928
0.0156584009528
0.0992015078664
0.0495125614107
0.265218645334
0.293951809406
0.23293171823
0.0532788783312
0.0416474118829
1.01265847683
0.0313678234816
0.571556031704
0.462278187275
0.126982495189
1.01070296764
0.206031605601
0.0861020535231
0.0107839107513
0.13113451004
0.223671108484
0.0695727542043
0.0131057389081
0.0406673401594
0.0918784588575
0.166328445077
0.0864491909742
0.239684045315
0.134793221951
0.0548840649426
0.0340888276696
0.323696821928
0.0144191225991
0.0470144115388
0.218197196722
0.0518801212311
0.25507196784
0.0216065328568
0.0240578427911
0.00605531176552
0.0899194404483
0.31892311573
0.218980446458
0.123911745846
0.324577361345
0.0352119319141
0.161459818482
0.218647092581
0.0318248905241
0.704971253872
0.135827541351
0.2046097368
0.0313240401447
0.164791062474
0.0562149174511
0.858989715576
0.173261985183
0.161308035254
2.02105927467
0.695874452591
0.0542137175798
0.903369367123
0.0331635475159
0.215476036072
1.24231815338
0.276965528727
0.0599225014448
0.319282978773
0.157720044255
0.0503516197205
0.0392095595598
0.0553645640612
0.0552949681878
0.0861173793674
0.302527874708
0.169323831797
0.145673677325
0.120778650045
0.630909383297
0.0105756632984
0.414471417665
0.0502172149718
0.127264872193
0.0196515861899
0.113167002797
0.620593130589
0.115971691906
0.24477557838
0.0567006841302
0.187580391765
0.142504364252
0.0447679646313
0.0438471063972
0.0893363282084
0.0972818061709
0.277615427971
0.116725571454
0.122628428042
0.0274759847671
0.444171786308
0.0429628528655
0.0887011364102
0.14478097856
0.920640051365
0.0290510002524
0.0112433433533
0.0180215407163
0.252535909414
0.0240104198456
0.00442294636741
0.497598767281
0.022280389443
0.0356996692717
0.0507151857018
0.259467154741
0.0404477342963
0.270092755556
0.882603824139
0.0358547084033
0.198019459844
0.0512448661029
0.308330476284
0.567946493626
0.0302455201745
0.220869868994
0.0562473647296
0.132498636842
0.0203467290848
0.0914969667792
0.121306657791
0.0490198135376
0.0201597213745
0.34450802207
0.857215881348
0.0447556525469
0.0698215067387
0.620003283024
0.0482532344759
0.0313274636865
0.0379266738892
0.0878454968333
0.0216960478574
0.0491908043623
0.0730041563511
0.314746201038
0.194410741329
0.0480296611786
0.16613663733
0.0310956351459
0.0485920682549
0.030198963359
0.217500403523
0.313316255808
0.0797679871321
0.136445388198
0.0064070657827
0.039730463177
0.0599663704634
0.0489907264709
0.0192247312516
0.258517384529
0.0610264874995
0.0283479262143
0.00791038200259
0.0735088288784
0.230583712459
0.294319987297
0.126949682832
0.0907128080726
0.0174638796598
0.0847260951996
0.11856239289
0.19004124403
0.0426790490746
0.0432745777071
0.0459956675768
0.0449073314667
0.0595876313746
0.0432888604701
0.0243758074939
0.0484982393682
0.011630166322
0.00943190418184
0.0100846290588
0.144069641829
0.106297113001
0.00559798162431
0.10032016784
0.197740271688
0.0190587472171
0.992674827576
0.0764723941684
0.100332431495
0.133412614465
0.0648426786065
0.0544116944075
0.0504549406469
0.0205502510071
0.0905424430966
0.00818391237408
0.0225749667734
0.0650979205966
0.0285173542798
0.00784193351865
0.0475472956896
0.466108322144
0.00476728798822
0.00879651866853
0.144139394164
0.0505355708301
0.233680829406
0.0498477965593
0.00940994825214
0.0126431426033
0.0340355746448
0.0243994966149
0.0321894139051
0.29122954607
0.0295601319522
0.0167383924127
0.245821937919
0.202088728547
0.111123472452
0.0594681613147
0.00843002554029
0.020692197606
0.0269642099738
0.0962481051683
0.342254847288
0.18532460928
0.115341991186
0.00304828980006
0.00450563430786
0.0474183559418
0.0369389690459
0.0729146897793
0.473039627075
0.0943443104625
0.473926067352
0.958442866802
0.0593533962965
0.0519227348268
0.134118780494
0.287268131971
0.529835283756
0.0598041377962
0.0227791182697
0.223657220602
0.710471332073
0.481234192848
0.409168601036
