1.80863153934
1.79851031303
1.79366850853
1.79504776001
1.79299151897
1.79271817207
1.79194390774
1.7978001833
1.79406344891
1.79341447353
1.78999066353
1.79811489582
1.79331564903
1.79228675365
1.79096066952
1.79114508629
1.79176604748
1.78454816341
1.78540635109
1.79881680012
1.78235697746
1.77722561359
1.78105843067
1.78802967072
1.77957093716
1.79201745987
1.77131128311
1.78302371502
1.77106642723
1.7800450325
1.77478539944
1.77790105343
1.79035663605
1.76891040802
1.77544975281
1.77562534809
1.77833914757
1.7707670927
1.77817678452
1.78267192841
1.76099467278
1.78037536144
1.77579951286
1.77149558067
1.77695083618
1.78036034107
1.7770588398
1.74578785896
1.81171417236
1.77495193481
1.78889214993
1.78161132336
1.79464101791
1.76862227917
1.78938412666
1.78532254696
1.76544857025
1.78724110126
1.77929484844
1.74969685078
1.77554726601
1.7735337019
1.7666426897
1.74593424797
1.75562655926
1.75969588757
1.76700842381
1.78639042377
1.76930403709
1.76408290863
1.7990309
1.77662289143
1.77613735199
1.76798915863
1.7448720932
1.77070593834
1.77608788013
1.76592028141
1.77398180962
1.75981199741
1.75558650494
1.71957993507
1.79425215721
1.75853347778
1.76628994942
1.78587496281
1.77010154724
1.70290350914
1.75145041943
1.71420574188
1.75922787189
1.76258230209
1.77787911892
1.73654770851
1.72817647457
1.81597197056
1.73589098454
1.73418045044
1.74727296829
1.73824846745
1.76214158535
1.77462911606
1.72932088375
1.73725831509
1.74136662483
1.75063467026
1.74276614189
1.75071406364
1.74050652981
1.75280368328
1.77701461315
1.80918085575
1.77668023109
1.75485515594
1.79735469818
1.73940777779
1.75813531876
1.79217743874
1.76843202114
1.78565049171
1.77642130852
1.76720571518
1.77632653713
1.8015679121
1.73220658302
