0.698990046978
0.693580269814
0.685604989529
0.690196812153
0.67844337225
0.69260931015
0.692680418491
0.692053794861
0.682497262955
0.686053216457
0.675911307335
0.692966341972
0.684676349163
0.663991332054
0.679411053658
0.633300960064
0.742036104202
0.699609518051
0.736867427826
0.665999472141
0.681255280972
0.638198554516
0.72444999218
0.636162877083
0.75468403101
0.643903970718
0.72677230835
0.735192775726
0.633765816689
0.737796962261
0.729763150215
0.614569723606
0.694629371166
0.705608427525
0.576791286469
0.692291259766
0.662005007267
0.647242426872
0.644814729691
0.763055622578
0.660206198692
0.71200466156
0.681362807751
0.586570620537
0.638546764851
0.663748562336
0.715767621994
0.666048586369
0.640995442867
0.640264034271
